[debug] [2024-02-17T14:18:25.376Z] ----------------------------------------------------------------------
[debug] [2024-02-17T14:18:25.379Z] Command:       /home/julia/code/GoldieCrystal/JavaScript/react/MeineRezepte/node_modules/node/bin/node /home/julia/.nvm/versions/node/v16.15.1/bin/firebase init
[debug] [2024-02-17T14:18:25.380Z] CLI Version:   13.3.0
[debug] [2024-02-17T14:18:25.380Z] Platform:      linux
[debug] [2024-02-17T14:18:25.380Z] Node Version:  v21.6.2
[debug] [2024-02-17T14:18:25.380Z] Time:          Sat Feb 17 2024 15:18:25 GMT+0100 (Central European Standard Time)
[debug] [2024-02-17T14:18:25.380Z] ----------------------------------------------------------------------
[debug] 
[debug] [2024-02-17T14:18:25.383Z] >>> [apiv2][query] GET https://firebase-public.firebaseio.com/cli.json [none]
[debug] [2024-02-17T14:18:25.447Z] > command requires scopes: ["email","openid","https://www.googleapis.com/auth/cloudplatformprojects.readonly","https://www.googleapis.com/auth/firebase","https://www.googleapis.com/auth/cloud-platform"]
[debug] [2024-02-17T14:18:25.448Z] > authorizing via signed-in user (j.kleber.cgn@gmail.com)
[info] 
     ######## #### ########  ######## ########     ###     ######  ########
     ##        ##  ##     ## ##       ##     ##  ##   ##  ##       ##
     ######    ##  ########  ######   ########  #########  ######  ######
     ##        ##  ##    ##  ##       ##     ## ##     ##       ## ##
     ##       #### ##     ## ######## ########  ##     ##  ######  ########

You're about to initialize a Firebase project in this directory:

  /home/julia/code/GoldieCrystal/JavaScript/react/MeineRezepte

[debug] [2024-02-17T14:18:25.902Z] <<< [apiv2][status] GET https://firebase-public.firebaseio.com/cli.json 200
[debug] [2024-02-17T14:18:25.903Z] <<< [apiv2][body] GET https://firebase-public.firebaseio.com/cli.json {"cloudBuildErrorAfter":1594252800000,"cloudBuildWarnAfter":1590019200000,"defaultNode10After":1594252800000,"minVersion":"3.0.5","node8DeploysDisabledAfter":1613390400000,"node8RuntimeDisabledAfter":1615809600000,"node8WarnAfter":1600128000000}
